
                            < M A T L A B (R) >
                  Copyright 1984-2020 The MathWorks, Inc.
                  R2020a (9.8.0.1323502) 64-bit (glnxa64)
                             February 25, 2020

 
要开始，请键入 doc。
有关产品信息，请访问 www.mathworks.com。
 
AUC Fold1:  0.9176417233560091
AUC Fold2:  0.9066576887467386
AUC Fold3:  0.9511735319068715
AUC Fold4:  0.9115668402777777
AUC Fold5:  0.9252126654064271
AUC Fold6:  0.946827168367347
AUC Fold7:  0.9285872576177284
AUC Fold8:  0.9291064049586777
AUC Fold9:  0.9368766569877541
AUC Fold10:  0.9029023374055505
AVG AUC: 0.925655227503088
AUPR Fold1:  0.946965950417226
AUPR Fold2:  0.9376370329195359
AUPR Fold3:  0.9659705121876809
AUPR Fold4:  0.9396864596062433
AUPR Fold5:  0.950728710883492
AUPR Fold6:  0.9650664339501333
AUPR Fold7:  0.9543955414037416
AUPR Fold8:  0.9538845521225477
AUPR Fold9:  0.9599858745805104
AUPR Fold10:  0.9419962895535707
AVG AUPR:  0.9516317357624681
F1 Fold1:  0.6735086047249633
F1 Fold2:  0.6695407886277657
F1 Fold3:  0.6878942435738512
F1 Fold4:  0.6697088851801162
F1 Fold5:  0.6766422024587659
F1 Fold6:  0.6901100120072826
F1 Fold7:  0.6787410905575711
F1 Fold8:  0.6794346822536925
F1 Fold9:  0.6836862299725297
F1 Fold10:  0.6710435375911129
AVG F1:  0.6780310276947652
