Building DAG of jobs...
Using shell: /bin/bash
Provided cores: 1 (use --cores to define parallelism)
Rules claiming more threads will be scaled down.
Job stats:
job         count    min threads    max threads
--------  -------  -------------  -------------
evaluate        1              1              1
total           1              1              1

Select jobs to execute...

[Wed Sep 20 22:12:09 2023]
rule evaluate:
    input: Evaluation/HGIMC/Fdataset/final_CV_folds.csv
    output: Evaluation/HGIMC/Fdataset/Plot/HGIMC_Fdataset_auc.png, Evaluation/HGIMC/Fdataset/Plot/HGIMC_Fdataset_aupr.png
    log: Evaluation/log/evaluate_HGIMC_Fdataset.log
    jobid: 0
    benchmark: Evaluation/Benchmark/evaluate_HGIMC_Fdataset.txt
    wildcards: outdir=Evaluation, method=HGIMC, dataset=Fdataset
    resources: tmpdir=/tmp

[Wed Sep 20 22:12:18 2023]
Finished job 0.
1 of 1 steps (100%) done
Complete log: /home1/yangyinqi/DR-method-evaluation/.snakemake/log/2023-09-20T221208.970014.snakemake.log
