Building DAG of jobs...
Using shell: /bin/bash
Provided cores: 1 (use --cores to define parallelism)
Rules claiming more threads will be scaled down.
Conda environments: ignored
Job stats:
job                  count    min threads    max threads
-----------------  -------  -------------  -------------
evaluate                 1              1              1
generate_CV_folds        1              1              1
run_method_pre           1              1              1
total                    3              1              1

Select jobs to execute...

[Thu Sep 21 18:41:05 2023]
rule run_method_pre:
    input: HGIMC/Datasets/Cdataset.mat
    output: Evaluation/HGIMC_Cdataset.csv
    log: Evaluation/log/benchmark_HGIMC_Cdataset.log
    jobid: 2
    benchmark: Evaluation/Benchmark/benchmark_HGIMC_Cdataset.txt
    wildcards: outdir=Evaluation, method=HGIMC, dataset=Cdataset
    resources: tmpdir=/tmp

[Thu Sep 21 18:41:21 2023]
Finished job 2.
1 of 3 steps (33%) done
Select jobs to execute...

[Thu Sep 21 18:41:21 2023]
rule generate_CV_folds:
    input: Evaluation/HGIMC_Cdataset.csv, HGIMC/Datasets/Cdataset.mat
    output: Evaluation/HGIMC/Cdataset/final_CV_folds.csv
    log: Evaluation/log/CV_HGIMC_Cdataset.log
    jobid: 1
    benchmark: Evaluation/Benchmark/CV_HGIMC_Cdataset.txt
    wildcards: outdir=Evaluation, method=HGIMC, dataset=Cdataset
    resources: tmpdir=/tmp

[Thu Sep 21 18:42:40 2023]
Finished job 1.
2 of 3 steps (67%) done
Select jobs to execute...

[Thu Sep 21 18:42:40 2023]
rule evaluate:
    input: Evaluation/HGIMC/Cdataset/final_CV_folds.csv
    output: Evaluation/HGIMC/Cdataset/Plot/HGIMC_Cdataset_auc.png, Evaluation/HGIMC/Cdataset/Plot/HGIMC_Cdataset_aupr.png
    log: Evaluation/log/evaluate_HGIMC_Cdataset.log
    jobid: 0
    benchmark: Evaluation/Benchmark/evaluate_HGIMC_Cdataset.txt
    wildcards: outdir=Evaluation, method=HGIMC, dataset=Cdataset
    resources: tmpdir=/tmp

[Thu Sep 21 18:42:50 2023]
Finished job 0.
3 of 3 steps (100%) done
Complete log: /home1/yangyinqi/DR-method-evaluation/.snakemake/log/2023-09-21T184105.367532.snakemake.log
