Building DAG of jobs...
Using shell: /bin/bash
Provided cores: 1 (use --cores to define parallelism)
Rules claiming more threads will be scaled down.
Job stats:
job                  count    min threads    max threads
-----------------  -------  -------------  -------------
generate_CV_folds        1              1              1
total                    1              1              1

Select jobs to execute...

[Wed Sep 20 08:41:59 2023]
rule generate_CV_folds:
    input: BNNR/Datasets/Fdataset.mat
    output: Evaluation/BNNR/Fdataset
    jobid: 0
    wildcards: outdir=Evaluation, method=BNNR, dataset=Fdataset
    resources: tmpdir=/tmp

Waiting at most 5 seconds for missing files.
MissingOutputException in line 13 of /home1/yangyinqi/DR-method-evaluation/Snakefile:
Job Missing files after 5 seconds:
Evaluation/BNNR/Fdataset
This might be due to filesystem latency. If that is the case, consider to increase the wait time with --latency-wait.
Job id: 0 completed successfully, but some output files are missing. 0
Shutting down, this might take some time.
Exiting because a job execution failed. Look above for error message
Complete log: /home1/yangyinqi/DR-method-evaluation/.snakemake/log/2023-09-20T084159.547889.snakemake.log
