Building DAG of jobs...
Using shell: /bin/bash
Provided cores: 1 (use --cores to define parallelism)
Rules claiming more threads will be scaled down.
Job stats:
job                  count    min threads    max threads
-----------------  -------  -------------  -------------
evaluate                 1              1              1
generate_CV_folds        1              1              1
total                    2              1              1

Select jobs to execute...

[Wed Sep 20 16:50:59 2023]
rule generate_CV_folds:
    input: HGIMC/Datasets/Ydataset.mat
    output: Evaluation/HGIMC/Ydataset/final_CV_folds.csv
    jobid: 1
    wildcards: outdir=Evaluation, method=HGIMC, dataset=Ydataset
    resources: tmpdir=/tmp

[Wed Sep 20 16:56:14 2023]
Finished job 1.
1 of 2 steps (50%) done
Select jobs to execute...

[Wed Sep 20 16:56:14 2023]
rule evaluate:
    input: Evaluation/HGIMC/Ydataset/final_CV_folds.csv
    output: Evaluation/HGIMC/Ydataset/Plot/HGIMC_Ydataset_auc.png, Evaluation/HGIMC/Ydataset/Plot/HGIMC_Ydataset_aupr.png
    jobid: 0
    wildcards: outdir=Evaluation, method=HGIMC, dataset=Ydataset
    resources: tmpdir=/tmp

[Wed Sep 20 16:56:24 2023]
Finished job 0.
2 of 2 steps (100%) done
Complete log: /home1/yangyinqi/DR-method-evaluation/.snakemake/log/2023-09-20T165059.303665.snakemake.log
