Building DAG of jobs...
Using shell: /bin/bash
Provided cores: 1 (use --cores to define parallelism)
Rules claiming more threads will be scaled down.
Job stats:
job               count    min threads    max threads
--------------  -------  -------------  -------------
run_method_pre        1              1              1
total                 1              1              1

Select jobs to execute...

[Wed Sep 20 17:05:50 2023]
rule run_method_pre:
    input: HGIMC/Datasets/iDrug.mat
    output: Evaluation/HGIMC_iDrug.csv
    jobid: 0
    wildcards: outdir=Evaluation, method=HGIMC, dataset=iDrug
    resources: tmpdir=/tmp

[Wed Sep 20 17:13:27 2023]
Finished job 0.
1 of 1 steps (100%) done
Complete log: /home1/yangyinqi/DR-method-evaluation/.snakemake/log/2023-09-20T170550.272824.snakemake.log
