Building DAG of jobs...
Using shell: /bin/bash
Provided cores: 1 (use --cores to define parallelism)
Rules claiming more threads will be scaled down.
Job stats:
job                  count    min threads    max threads
-----------------  -------  -------------  -------------
evaluate                 1              1              1
generate_CV_folds        1              1              1
run_method_pre           1              1              1
total                    3              1              1

Select jobs to execute...

[Thu Sep 21 09:04:29 2023]
rule run_method_pre:
    input: BNNR/Datasets/Cdataset.mat
    output: Evaluation/BNNR_Cdataset.csv
    log: Evaluation/log/BNNR_Cdataset.log
    jobid: 2
    benchmark: Evaluation/Benchmark/benchmark_BNNR_Cdataset.txt
    wildcards: outdir=Evaluation, method=BNNR, dataset=Cdataset
    resources: tmpdir=/tmp

[Thu Sep 21 09:05:02 2023]
Finished job 2.
1 of 3 steps (33%) done
Select jobs to execute...

[Thu Sep 21 09:05:02 2023]
rule generate_CV_folds:
    input: Evaluation/BNNR_Cdataset.csv, BNNR/Datasets/Cdataset.mat
    output: Evaluation/BNNR/Cdataset/final_CV_folds.csv
    log: Evaluation/log/CV_BNNR_Cdataset.log
    jobid: 1
    benchmark: Evaluation/Benchmark/CV_BNNR_Cdataset.txt
    wildcards: outdir=Evaluation, method=BNNR, dataset=Cdataset
    resources: tmpdir=/tmp

[Thu Sep 21 09:09:12 2023]
Finished job 1.
2 of 3 steps (67%) done
Select jobs to execute...

[Thu Sep 21 09:09:12 2023]
rule evaluate:
    input: Evaluation/BNNR/Cdataset/final_CV_folds.csv
    output: Evaluation/BNNR/Cdataset/Plot/BNNR_Cdataset_auc.png, Evaluation/BNNR/Cdataset/Plot/BNNR_Cdataset_aupr.png
    log: Evaluation/log/evaluate_BNNR_Cdataset.log
    jobid: 0
    benchmark: Evaluation/Benchmark/evaluate_BNNR_Cdataset.txt
    wildcards: outdir=Evaluation, method=BNNR, dataset=Cdataset
    resources: tmpdir=/tmp

[Thu Sep 21 09:09:22 2023]
Finished job 0.
3 of 3 steps (100%) done
Complete log: /home1/yangyinqi/DR-method-evaluation/.snakemake/log/2023-09-21T090428.988369.snakemake.log
