Building DAG of jobs...
Using shell: /bin/bash
Provided cores: 1 (use --cores to define parallelism)
Rules claiming more threads will be scaled down.
Job stats:
job                    count    min threads    max threads
-------------------  -------  -------------  -------------
origin_pre_to_final        1              1              1
total                      1              1              1

Select jobs to execute...

[Wed Sep 20 14:26:04 2023]
rule origin_pre_to_final:
    output: Evaluation/BNNR/Fdataset/final_CV_folds.csv
    jobid: 0
    wildcards: outdir=Evaluation, method=BNNR, dataset=Fdataset
    resources: tmpdir=/tmp

[Wed Sep 20 14:26:05 2023]
Error in rule origin_pre_to_final:
    jobid: 0
    output: Evaluation/BNNR/Fdataset/final_CV_folds.csv
    shell:
        
		python origin-pre_2_final.py --file_path="Evaluation/BNNR/Fdataset"
		
        (one of the commands exited with non-zero exit code; note that snakemake uses bash strict mode!)

Shutting down, this might take some time.
Exiting because a job execution failed. Look above for error message
Complete log: /home1/yangyinqi/DR-method-evaluation/.snakemake/log/2023-09-20T142604.852427.snakemake.log
