Building DAG of jobs...
Using shell: /bin/bash
Provided cores: 1 (use --cores to define parallelism)
Rules claiming more threads will be scaled down.
Job stats:
job               count    min threads    max threads
--------------  -------  -------------  -------------
run_method_pre        1              1              1
total                 1              1              1

Select jobs to execute...

[Tue Sep 19 22:07:26 2023]
rule run_method_pre:
    input: BNNR/Datasets/Fdataset.mat
    output: PredictionResult/BNNR_Fdataset.csv
    jobid: 0
    wildcards: method=BNNR, dataset=Fdataset
    resources: tmpdir=/tmp

[Tue Sep 19 22:07:26 2023]
Error in rule run_method_pre:
    jobid: 0
    output: PredictionResult/BNNR_Fdataset.csv
    shell:
        
		mkdir PredictionResult
		cd BNNR
		matlab -nodisplay -nosplash -nodesktop -r "pre('BNNR','Fdataset','PredictionResult/BNNR_Fdataset.csv'); exit;"
		
        (one of the commands exited with non-zero exit code; note that snakemake uses bash strict mode!)

Shutting down, this might take some time.
Exiting because a job execution failed. Look above for error message
Complete log: /home1/yangyinqi/DR-method-evaluation/.snakemake/log/2023-09-19T220726.112448.snakemake.log
