Building DAG of jobs...
Using shell: /bin/bash
Provided cores: 1 (use --cores to define parallelism)
Rules claiming more threads will be scaled down.
Job stats:
job               count    min threads    max threads
--------------  -------  -------------  -------------
run_method_pre        1              1              1
total                 1              1              1

Select jobs to execute...

[Wed Sep 20 14:07:28 2023]
rule run_method_pre:
    input: BNNR/Datasets/Cdataset.mat
    output: Evaluation/BNNR_Cdataset.csv
    jobid: 0
    wildcards: outdir=Evaluation, method=BNNR, dataset=Cdataset
    resources: tmpdir=/tmp

[Wed Sep 20 14:08:01 2023]
Finished job 0.
1 of 1 steps (100%) done
Complete log: /home1/yangyinqi/DR-method-evaluation/.snakemake/log/2023-09-20T140728.176613.snakemake.log
