Building DAG of jobs...
Using shell: /bin/bash
Provided cores: 1 (use --cores to define parallelism)
Rules claiming more threads will be scaled down.
Conda environments: ignored
Job stats:
job               count    min threads    max threads
--------------  -------  -------------  -------------
run_method_pre        1              1              1
total                 1              1              1

Select jobs to execute...

[Thu Sep 21 14:24:36 2023]
rule run_method_pre:
    input: BNNR/Datasets/Fdataset.mat
    output: Evaluation/BNNR_Fdataset.csv
    log: Evaluation/log/benchmark_BNNR_Fdataset.log
    jobid: 0
    benchmark: Evaluation/Benchmark/benchmark_BNNR_Fdataset.txt
    wildcards: outdir=Evaluation, method=BNNR, dataset=Fdataset
    resources: tmpdir=/tmp

[Thu Sep 21 14:25:00 2023]
Finished job 0.
1 of 1 steps (100%) done
Complete log: /home1/yangyinqi/DR-method-evaluation/.snakemake/log/2023-09-21T142436.164670.snakemake.log
