Building DAG of jobs...
Using shell: /bin/bash
Provided cores: 1 (use --cores to define parallelism)
Rules claiming more threads will be scaled down.
Job stats:
job               count    min threads    max threads
--------------  -------  -------------  -------------
run_method_pre        1              1              1
total                 1              1              1

Select jobs to execute...

[Wed Sep 20 20:34:39 2023]
rule run_method_pre:
    input: HGIMC/Datasets/Fdataset.mat
    output: Evaluation/HGIMC_Fdataset.csv
    log: Evaluation/HGIMC_Fdataset.log
    jobid: 0
    wildcards: outdir=Evaluation, method=HGIMC, dataset=Fdataset
    resources: tmpdir=/tmp

[Wed Sep 20 20:34:39 2023]
Error in rule run_method_pre:
    jobid: 0
    output: Evaluation/HGIMC_Fdataset.csv
    log: Evaluation/HGIMC_Fdataset.log (check log file(s) for error message)
    shell:
        
		cd HGIMC
		/usr/bin/time -f "Execution Time: %E
Peak Memory Usage: %M KB" matlab -nodisplay -nosplash -nodesktop -r "pre('HGIMC','Fdataset','Evaluation'); exit;" &> Evaluation/HGIMC_Fdataset.log
		
        (one of the commands exited with non-zero exit code; note that snakemake uses bash strict mode!)

Shutting down, this might take some time.
Exiting because a job execution failed. Look above for error message
Complete log: /home1/yangyinqi/DR-method-evaluation/.snakemake/log/2023-09-20T203439.183005.snakemake.log
