Building DAG of jobs...
Using shell: /bin/bash
Provided cores: 1 (use --cores to define parallelism)
Rules claiming more threads will be scaled down.
Job stats:
job                  count    min threads    max threads
-----------------  -------  -------------  -------------
generate_CV_folds        1              1              1
total                    1              1              1

Select jobs to execute...

[Wed Sep 20 22:07:17 2023]
rule generate_CV_folds:
    input: HGIMC/Datasets/Cdataset.mat
    output: Evaluation/HGIMC/Cdataset/final_CV_folds.csv
    log: Evaluation/log/CV_HGIMC_Cdataset.log
    jobid: 0
    benchmark: Evaluation/Benchmark/CV_HGIMC_Cdataset.txt
    wildcards: outdir=Evaluation, method=HGIMC, dataset=Cdataset
    resources: tmpdir=/tmp

[Wed Sep 20 22:08:37 2023]
Finished job 0.
1 of 1 steps (100%) done
Complete log: /home1/yangyinqi/DR-method-evaluation/.snakemake/log/2023-09-20T220717.472117.snakemake.log
