Building DAG of jobs...
Using shell: /bin/bash
Provided cores: 1 (use --cores to define parallelism)
Rules claiming more threads will be scaled down.
Job stats:
job               count    min threads    max threads
--------------  -------  -------------  -------------
run_method_pre        1              1              1
total                 1              1              1

Select jobs to execute...

[Tue Sep 19 23:07:30 2023]
rule run_method_pre:
    input: BNNR/Datasets/Ydataset.mat
    output: PredictionResults/BNNR_Ydataset.csv
    jobid: 0
    wildcards: outdir=PredictionResults, method=BNNR, dataset=Ydataset
    resources: tmpdir=/tmp

[Tue Sep 19 23:09:10 2023]
Finished job 0.
1 of 1 steps (100%) done
Complete log: /home1/yangyinqi/DR-method-evaluation/.snakemake/log/2023-09-19T230730.542249.snakemake.log
