Building DAG of jobs...
Using shell: /bin/bash
Provided cores: 1 (use --cores to define parallelism)
Rules claiming more threads will be scaled down.
Conda environments: ignored
Job stats:
job                  count    min threads    max threads
-----------------  -------  -------------  -------------
evaluate                 1              1              1
generate_CV_folds        1              1              1
run_method_pre           1              1              1
total                    3              1              1

Select jobs to execute...

[Thu Sep 21 20:39:25 2023]
rule run_method_pre:
    input: HGIMC/Datasets/Fdataset.mat
    output: Evaluation/HGIMC_Fdataset.csv
    log: Evaluation/log/benchmark_HGIMC_Fdataset.log
    jobid: 2
    benchmark: Evaluation/Benchmark/benchmark_HGIMC_Fdataset.txt
    wildcards: outdir=Evaluation, method=HGIMC, dataset=Fdataset
    resources: tmpdir=/tmp

[Thu Sep 21 20:39:38 2023]
Finished job 2.
1 of 3 steps (33%) done
Select jobs to execute...

[Thu Sep 21 20:39:38 2023]
rule generate_CV_folds:
    input: Evaluation/HGIMC_Fdataset.csv, HGIMC/Datasets/Fdataset.mat
    output: Evaluation/HGIMC/Fdataset/final_CV_folds.csv
    log: Evaluation/log/CV_HGIMC_Fdataset.log
    jobid: 1
    benchmark: Evaluation/Benchmark/CV_HGIMC_Fdataset.txt
    wildcards: outdir=Evaluation, method=HGIMC, dataset=Fdataset
    resources: tmpdir=/tmp

[Thu Sep 21 20:40:31 2023]
Finished job 1.
2 of 3 steps (67%) done
Select jobs to execute...

[Thu Sep 21 20:40:31 2023]
rule evaluate:
    input: Evaluation/HGIMC/Fdataset/final_CV_folds.csv
    output: Evaluation/HGIMC/Fdataset/Plot/HGIMC_Fdataset_auc.png, Evaluation/HGIMC/Fdataset/Plot/HGIMC_Fdataset_aupr.png
    log: Evaluation/log/evaluate_HGIMC_Fdataset.log
    jobid: 0
    benchmark: Evaluation/Benchmark/evaluate_HGIMC_Fdataset.txt
    wildcards: outdir=Evaluation, method=HGIMC, dataset=Fdataset
    resources: tmpdir=/tmp

[Thu Sep 21 20:40:41 2023]
Finished job 0.
3 of 3 steps (100%) done
Complete log: /home1/yangyinqi/DR-method-evaluation/Snakemake/.snakemake/log/2023-09-21T203925.619895.snakemake.log
