Building DAG of jobs...
Using shell: /bin/bash
Provided cores: 1 (use --cores to define parallelism)
Rules claiming more threads will be scaled down.
Conda environments: ignored
Job stats:
job                  count    min threads    max threads
-----------------  -------  -------------  -------------
evaluate                 1              1              1
generate_CV_folds        1              1              1
run_method_pre           1              1              1
total                    3              1              1

Select jobs to execute...

[Thu Sep 21 20:54:15 2023]
rule run_method_pre:
    input: BNNR/Datasets/Fdataset.mat
    output: Evaluation/BNNR_Fdataset.csv
    log: Evaluation/log/benchmark_BNNR_Fdataset.log
    jobid: 2
    benchmark: Evaluation/Benchmark/benchmark_BNNR_Fdataset.txt
    wildcards: outdir=Evaluation, method=BNNR, dataset=Fdataset
    resources: tmpdir=/tmp

[Thu Sep 21 20:54:39 2023]
Finished job 2.
1 of 3 steps (33%) done
Select jobs to execute...

[Thu Sep 21 20:54:39 2023]
rule generate_CV_folds:
    input: Evaluation/BNNR_Fdataset.csv, BNNR/Datasets/Fdataset.mat
    output: Evaluation/BNNR/Fdataset/final_CV_folds.csv
    log: Evaluation/log/CV_BNNR_Fdataset.log
    jobid: 1
    benchmark: Evaluation/Benchmark/CV_BNNR_Fdataset.txt
    wildcards: outdir=Evaluation, method=BNNR, dataset=Fdataset
    resources: tmpdir=/tmp

[Thu Sep 21 20:57:29 2023]
Finished job 1.
2 of 3 steps (67%) done
Select jobs to execute...

[Thu Sep 21 20:57:29 2023]
rule evaluate:
    input: Evaluation/BNNR/Fdataset/final_CV_folds.csv
    output: Evaluation/BNNR/Fdataset/Plot/BNNR_Fdataset_auc.png, Evaluation/BNNR/Fdataset/Plot/BNNR_Fdataset_aupr.png
    log: Evaluation/log/evaluate_BNNR_Fdataset.log
    jobid: 0
    benchmark: Evaluation/Benchmark/evaluate_BNNR_Fdataset.txt
    wildcards: outdir=Evaluation, method=BNNR, dataset=Fdataset
    resources: tmpdir=/tmp

[Thu Sep 21 20:57:39 2023]
Finished job 0.
3 of 3 steps (100%) done
Complete log: /home1/yangyinqi/DR-method-evaluation/Snakemake/.snakemake/log/2023-09-21T205415.661516.snakemake.log
